{
  "stats": {
    "suites": 10,
    "tests": 45,
    "passes": 45,
    "pending": 0,
    "failures": 0,
    "start": "2021-12-23T20:09:48.726Z",
    "end": "2021-12-23T20:11:21.340Z",
    "duration": 40640,
    "testsRegistered": 45,
    "passPercent": 100,
    "pendingPercent": 0,
    "other": 0,
    "hasOther": false,
    "skipped": 0,
    "hasSkipped": false
  },
  "results": [
    {
      "uuid": "67ba866f-2934-4fa9-8ace-493634901088",
      "title": "",
      "fullFile": "cypress/integration/casework-regression/82009-concern-validation-tests.js",
      "file": "cypress/integration/casework-regression/82009-concern-validation-tests.js",
      "beforeHooks": [],
      "afterHooks": [],
      "tests": [],
      "suites": [
        {
          "uuid": "ebf72cfc-b8b6-4db3-9ed6-370822004e31",
          "title": "Error messages should be displayed when user ommmits data",
          "fullFile": "",
          "file": "",
          "beforeHooks": [],
          "afterHooks": [],
          "tests": [
            {
              "title": "User clicks on Create Case and should see Search Trusts",
              "fullTitle": "Error messages should be displayed when user ommmits data User clicks on Create Case and should see Search Trusts",
              "timedOut": null,
              "duration": 1951,
              "state": "passed",
              "speed": "fast",
              "pass": true,
              "fail": false,
              "pending": false,
              "context": null,
              "code": "cy.get('[href=\"/case\"]').click();\ncy.get('#search').should('be.visible');",
              "err": {},
              "uuid": "05931056-b508-4094-b687-c7776483327e",
              "parentUUID": "ebf72cfc-b8b6-4db3-9ed6-370822004e31",
              "isHook": false,
              "skipped": false
            },
            {
              "title": "User searches for a valid Trust and selects it",
              "fullTitle": "Error messages should be displayed when user ommmits data User searches for a valid Trust and selects it",
              "timedOut": null,
              "duration": 1132,
              "state": "passed",
              "speed": "fast",
              "pass": true,
              "fail": false,
              "pending": false,
              "context": null,
              "code": "cy.get('#search').type(searchTerm + '{enter}');\ncy.get('#search__option--0').click();",
              "err": {},
              "uuid": "79069681-db6a-47d0-954c-a68f17bd93ff",
              "parentUUID": "ebf72cfc-b8b6-4db3-9ed6-370822004e31",
              "isHook": false,
              "skipped": false
            },
            {
              "title": "Should throw an error when a Concern Type is omitted",
              "fullTitle": "Error messages should be displayed when user ommmits data Should throw an error when a Concern Type is omitted",
              "timedOut": null,
              "duration": 115,
              "state": "passed",
              "speed": "fast",
              "pass": true,
              "fail": false,
              "pending": false,
              "context": null,
              "code": "cy.get('.govuk-button').click();\ncy.get('.govuk-list.govuk-error-summary__list li:nth-of-type(1)').should('contain.text', 'Select concern type');\ncy.get('.govuk-list.govuk-error-summary__list li:nth-of-type(2)').should('contain.text', 'Select risk rating');",
              "err": {},
              "uuid": "1b951b67-b88c-4f9b-b707-400b1b7fd34c",
              "parentUUID": "ebf72cfc-b8b6-4db3-9ed6-370822004e31",
              "isHook": false,
              "skipped": false
            }
          ],
          "suites": [],
          "passes": [
            "05931056-b508-4094-b687-c7776483327e",
            "79069681-db6a-47d0-954c-a68f17bd93ff",
            "1b951b67-b88c-4f9b-b707-400b1b7fd34c"
          ],
          "failures": [],
          "pending": [],
          "skipped": [],
          "duration": 3198,
          "root": false,
          "rootEmpty": false,
          "_timeout": 2000
        }
      ],
      "passes": [],
      "failures": [],
      "pending": [],
      "skipped": [],
      "duration": 0,
      "root": true,
      "rootEmpty": true,
      "_timeout": 2000
    },
    {
      "uuid": "f14233b8-ce52-4118-93e3-b54dff658598",
      "title": "",
      "fullFile": "cypress/integration/casework-regression/closed-cases.js",
      "file": "cypress/integration/casework-regression/closed-cases.js",
      "beforeHooks": [],
      "afterHooks": [],
      "tests": [],
      "suites": [
        {
          "uuid": "a4e340fe-d1ad-4617-9db6-a6a04fed556b",
          "title": "User can view and navigate Closed cases",
          "fullFile": "",
          "file": "",
          "beforeHooks": [],
          "afterHooks": [],
          "tests": [
            {
              "title": "User clicks on Create Case and should see Search Trusts",
              "fullTitle": "User can view and navigate Closed cases User clicks on Create Case and should see Search Trusts",
              "timedOut": null,
              "duration": 1695,
              "state": "passed",
              "speed": "fast",
              "pass": true,
              "fail": false,
              "pending": false,
              "context": null,
              "code": "cy.get('[href=\"/case/closed\"]').click();\ncy.get('.govuk-table__body tr').should('be.visible');",
              "err": {},
              "uuid": "24cc3b01-13c0-4e7d-a481-e9bc4b6b317f",
              "parentUUID": "a4e340fe-d1ad-4617-9db6-a6a04fed556b",
              "isHook": false,
              "skipped": false
            },
            {
              "title": "User can view a closed case",
              "fullTitle": "User can view and navigate Closed cases User can view a closed case",
              "timedOut": null,
              "duration": 177,
              "state": "passed",
              "speed": "fast",
              "pass": true,
              "fail": false,
              "pending": false,
              "context": null,
              "code": "cy.get('.govuk-table__body tr .govuk-link').click();\ncy.get('[name=caseID]').should('be.visible');",
              "err": {},
              "uuid": "a61ae278-0f0e-41e3-95ee-532d1d832bf7",
              "parentUUID": "a4e340fe-d1ad-4617-9db6-a6a04fed556b",
              "isHook": false,
              "skipped": false
            },
            {
              "title": "User clicks Back  and should be taken back to the Closed Cases",
              "fullTitle": "User can view and navigate Closed cases User clicks Back  and should be taken back to the Closed Cases",
              "timedOut": null,
              "duration": 203,
              "state": "passed",
              "speed": "fast",
              "pass": true,
              "fail": false,
              "pending": false,
              "context": null,
              "code": "cy.get('#back-link-event').click();\ncy.get('.govuk-table__body tr').should('be.visible');",
              "err": {},
              "uuid": "2430ef3b-b6f1-4309-afa4-1bc5abec2912",
              "parentUUID": "a4e340fe-d1ad-4617-9db6-a6a04fed556b",
              "isHook": false,
              "skipped": false
            },
            {
              "title": "User clicks Back  and should be taken back to the Active Casework screen",
              "fullTitle": "User can view and navigate Closed cases User clicks Back  and should be taken back to the Active Casework screen",
              "timedOut": null,
              "duration": 650,
              "state": "passed",
              "speed": "fast",
              "pass": true,
              "fail": false,
              "pending": false,
              "context": null,
              "code": "cy.get('#back-link-event').click();\ncy.get('[href=\"/case\"').should('be.visible');\ncy.get('[href=\"/trust\"').should('be.visible');\ncy.get('[href=\"/case/closed\"').should('be.visible');",
              "err": {},
              "uuid": "740bcc32-0872-481a-ba88-7815c4ca62d3",
              "parentUUID": "a4e340fe-d1ad-4617-9db6-a6a04fed556b",
              "isHook": false,
              "skipped": false
            }
          ],
          "suites": [],
          "passes": [
            "24cc3b01-13c0-4e7d-a481-e9bc4b6b317f",
            "a61ae278-0f0e-41e3-95ee-532d1d832bf7",
            "2430ef3b-b6f1-4309-afa4-1bc5abec2912",
            "740bcc32-0872-481a-ba88-7815c4ca62d3"
          ],
          "failures": [],
          "pending": [],
          "skipped": [],
          "duration": 2725,
          "root": false,
          "rootEmpty": false,
          "_timeout": 2000
        }
      ],
      "passes": [],
      "failures": [],
      "pending": [],
      "skipped": [],
      "duration": 0,
      "root": true,
      "rootEmpty": true,
      "_timeout": 2000
    },
    {
      "uuid": "dd859b48-5afa-47e6-b326-c300bee6577f",
      "title": "",
      "fullFile": "cypress/integration/casework-regression/create-case-route.js",
      "file": "cypress/integration/casework-regression/create-case-route.js",
      "beforeHooks": [],
      "afterHooks": [],
      "tests": [],
      "suites": [
        {
          "uuid": "be374ca5-58b3-478d-9d6c-a6db5148cfc2",
          "title": "User interactions via Create Case route",
          "fullFile": "",
          "file": "",
          "beforeHooks": [],
          "afterHooks": [],
          "tests": [
            {
              "title": "User clicks on Create Case and should see Search Trusts",
              "fullTitle": "User interactions via Create Case route User clicks on Create Case and should see Search Trusts",
              "timedOut": null,
              "duration": 1665,
              "state": "passed",
              "speed": "fast",
              "pass": true,
              "fail": false,
              "pending": false,
              "context": null,
              "code": "cy.get('[href=\"/case\"]').click();\ncy.get(\"#search\").should(\"be.visible\");",
              "err": {},
              "uuid": "2682350a-c487-4f61-b849-69da0268447e",
              "parentUUID": "be374ca5-58b3-478d-9d6c-a6db5148cfc2",
              "isHook": false,
              "skipped": false
            },
            {
              "title": "User searches for a valid Trust and selects it",
              "fullTitle": "User interactions via Create Case route User searches for a valid Trust and selects it",
              "timedOut": null,
              "duration": 1142,
              "state": "passed",
              "speed": "fast",
              "pass": true,
              "fail": false,
              "pending": false,
              "context": null,
              "code": "cy.get(\"#search\").type(searchTerm + \"{enter}\");\ncy.get(\"#search__option--0\").click();",
              "err": {},
              "uuid": "cfa423fc-4be1-40f0-9041-ff982c4d3e51",
              "parentUUID": "be374ca5-58b3-478d-9d6c-a6db5148cfc2",
              "isHook": false,
              "skipped": false
            },
            {
              "title": "Should display the Concern details of the specified Trust",
              "fullTitle": "User interactions via Create Case route Should display the Concern details of the specified Trust",
              "timedOut": null,
              "duration": 530,
              "state": "passed",
              "speed": "fast",
              "pass": true,
              "fail": false,
              "pending": false,
              "context": null,
              "code": "cy.get(\".govuk-summary-list .govuk-summary-list__row:nth-of-type(1) .govuk-summary-list__value\").should(\"contain.text\", 'Accrington');\ncy.get('[href=\"/case/concern/cancel\"').should(\"be.visible\").click();",
              "err": {},
              "uuid": "08a5509a-7f5c-403a-bc91-fbde27b589d4",
              "parentUUID": "be374ca5-58b3-478d-9d6c-a6db5148cfc2",
              "isHook": false,
              "skipped": false
            },
            {
              "title": "Should display an error when a user types fewer than 3 letters in the search bar",
              "fullTitle": "User interactions via Create Case route Should display an error when a user types fewer than 3 letters in the search bar",
              "timedOut": null,
              "duration": 327,
              "state": "passed",
              "speed": "fast",
              "pass": true,
              "fail": false,
              "pending": false,
              "context": null,
              "code": "cy.get('[href=\"/case\"]').click();\ncy.get(\"#search\").should(\"be.visible\");\ncy.get(\"#search\").type(searchTerm.substring(0, 1) + '{enter}');\ncy.get('.govuk-list.govuk-error-summary__list a').should('contain.text', 'Enter search criteria higher than three characters');",
              "err": {},
              "uuid": "9eafb8b9-de94-474b-9201-93549727d71d",
              "parentUUID": "be374ca5-58b3-478d-9d6c-a6db5148cfc2",
              "isHook": false,
              "skipped": false
            }
          ],
          "suites": [],
          "passes": [
            "2682350a-c487-4f61-b849-69da0268447e",
            "cfa423fc-4be1-40f0-9041-ff982c4d3e51",
            "08a5509a-7f5c-403a-bc91-fbde27b589d4",
            "9eafb8b9-de94-474b-9201-93549727d71d"
          ],
          "failures": [],
          "pending": [],
          "skipped": [],
          "duration": 3664,
          "root": false,
          "rootEmpty": false,
          "_timeout": 2000
        }
      ],
      "passes": [],
      "failures": [],
      "pending": [],
      "skipped": [],
      "duration": 0,
      "root": true,
      "rootEmpty": true,
      "_timeout": 2000
    },
    {
      "uuid": "26d8d0db-812c-4bb3-83c1-8ad27732c748",
      "title": "",
      "fullFile": "cypress/integration/casework-regression/find-trust-route.js",
      "file": "cypress/integration/casework-regression/find-trust-route.js",
      "beforeHooks": [],
      "afterHooks": [],
      "tests": [],
      "suites": [
        {
          "uuid": "d2c0b51b-9359-4678-9246-2948f802c7fa",
          "title": "User interactions via Find Trust route",
          "fullFile": "",
          "file": "",
          "beforeHooks": [],
          "afterHooks": [],
          "tests": [
            {
              "title": "User clicks on Create Case and should see Search Trusts",
              "fullTitle": "User interactions via Find Trust route User clicks on Create Case and should see Search Trusts",
              "timedOut": null,
              "duration": 1698,
              "state": "passed",
              "speed": "fast",
              "pass": true,
              "fail": false,
              "pending": false,
              "context": null,
              "code": "cy.get('[href=\"/trust\"]').click();\ncy.get(\"#search\").should(\"be.visible\");",
              "err": {},
              "uuid": "22132374-1faf-4978-a66b-c7e708cb4029",
              "parentUUID": "d2c0b51b-9359-4678-9246-2948f802c7fa",
              "isHook": false,
              "skipped": false
            },
            {
              "title": "User searches for a valid Trust and selects it",
              "fullTitle": "User interactions via Find Trust route User searches for a valid Trust and selects it",
              "timedOut": null,
              "duration": 1147,
              "state": "passed",
              "speed": "fast",
              "pass": true,
              "fail": false,
              "pending": false,
              "context": null,
              "code": "cy.get(\"#search\").type(searchTerm + \"{enter}\");\ncy.get(\"#search__option--0\").click();",
              "err": {},
              "uuid": "96547ef0-9b33-4987-92f1-fa411bdab5fb",
              "parentUUID": "d2c0b51b-9359-4678-9246-2948f802c7fa",
              "isHook": false,
              "skipped": false
            },
            {
              "title": "Should display the Concern details of the specified Trust",
              "fullTitle": "User interactions via Find Trust route Should display the Concern details of the specified Trust",
              "timedOut": null,
              "duration": 271,
              "state": "passed",
              "speed": "fast",
              "pass": true,
              "fail": false,
              "pending": false,
              "context": null,
              "code": "cy.get(\".govuk-table__cell:nth-child(1) > a\").should('contain.text', 'Accrington');\ncy.get('[href=\"/trust\"').should(\"be.visible\").click();",
              "err": {},
              "uuid": "5011658d-691d-4ee1-98ce-50af764a2d88",
              "parentUUID": "d2c0b51b-9359-4678-9246-2948f802c7fa",
              "isHook": false,
              "skipped": false
            },
            {
              "title": "Should display an error when a user types fewer than 3 letters in the search bar",
              "fullTitle": "User interactions via Find Trust route Should display an error when a user types fewer than 3 letters in the search bar",
              "timedOut": null,
              "duration": 184,
              "state": "passed",
              "speed": "fast",
              "pass": true,
              "fail": false,
              "pending": false,
              "context": null,
              "code": "cy.get(\"#search\").type(searchTerm.substring(0, 1) + '{enter}');\ncy.get('.govuk-list.govuk-error-summary__list a').should('contain.text', 'Enter search criteria higher than three characters');",
              "err": {},
              "uuid": "917e7ea5-de82-49ed-973e-20c716515bb7",
              "parentUUID": "d2c0b51b-9359-4678-9246-2948f802c7fa",
              "isHook": false,
              "skipped": false
            }
          ],
          "suites": [],
          "passes": [
            "22132374-1faf-4978-a66b-c7e708cb4029",
            "96547ef0-9b33-4987-92f1-fa411bdab5fb",
            "5011658d-691d-4ee1-98ce-50af764a2d88",
            "917e7ea5-de82-49ed-973e-20c716515bb7"
          ],
          "failures": [],
          "pending": [],
          "skipped": [],
          "duration": 3300,
          "root": false,
          "rootEmpty": false,
          "_timeout": 2000
        }
      ],
      "passes": [],
      "failures": [],
      "pending": [],
      "skipped": [],
      "duration": 0,
      "root": true,
      "rootEmpty": true,
      "_timeout": 2000
    },
    {
      "uuid": "caa92352-feb4-486c-a600-b07029bbfbc0",
      "title": "",
      "fullFile": "cypress/integration/casework-regression/footer-links-active-casework.js",
      "file": "cypress/integration/casework-regression/footer-links-active-casework.js",
      "beforeHooks": [],
      "afterHooks": [],
      "tests": [],
      "suites": [
        {
          "uuid": "179ef86d-88b1-4624-bb6d-8c29d9706854",
          "title": "Footer links direct to the correct pages from Active Casework page",
          "fullFile": "",
          "file": "",
          "beforeHooks": [],
          "afterHooks": [],
          "tests": [
            {
              "title": "Should open Accessibility link",
              "fullTitle": "Footer links direct to the correct pages from Active Casework page Should open Accessibility link",
              "timedOut": null,
              "duration": 2118,
              "state": "passed",
              "speed": "fast",
              "pass": true,
              "fail": false,
              "pending": false,
              "context": null,
              "code": "cy.fixture('footer-links-fixture').then(footerLinkData => {\n  cy.get('.govuk-footer__link[href=\"' + footerLinkData.accessibilityLink + '\"]').click();\n  cy.get('.govuk-grid-column-two-thirds-from-desktop h1').contains(footerLinkData.accessibilityTestText);\n});\ncy.get('#back-link-event').click();",
              "err": {},
              "uuid": "c359b94a-faed-476f-a5f6-6702d87e53a3",
              "parentUUID": "179ef86d-88b1-4624-bb6d-8c29d9706854",
              "isHook": false,
              "skipped": false
            },
            {
              "title": "Should open Cookies link",
              "fullTitle": "Footer links direct to the correct pages from Active Casework page Should open Cookies link",
              "timedOut": null,
              "duration": 536,
              "state": "passed",
              "speed": "fast",
              "pass": true,
              "fail": false,
              "pending": false,
              "context": null,
              "code": "cy.fixture('footer-links-fixture').then(footerLinkData => {\n  cy.get('.govuk-footer__link[href=\"' + footerLinkData.cookiesLink + '\"]').click();\n  cy.get('.govuk-grid-column-two-thirds-from-desktop h1').contains(footerLinkData.cookiesTestText);\n});\ncy.get('#back-link-event').click();",
              "err": {},
              "uuid": "118d9176-b8ac-4080-b211-564be634074c",
              "parentUUID": "179ef86d-88b1-4624-bb6d-8c29d9706854",
              "isHook": false,
              "skipped": false
            },
            {
              "title": "Should open Privacy Policy link",
              "fullTitle": "Footer links direct to the correct pages from Active Casework page Should open Privacy Policy link",
              "timedOut": null,
              "duration": 549,
              "state": "passed",
              "speed": "fast",
              "pass": true,
              "fail": false,
              "pending": false,
              "context": null,
              "code": "cy.fixture('footer-links-fixture').then(footerLinkData => {\n  cy.get('.govuk-footer__link[href=\"' + footerLinkData.privacyPolicyLink + '\"]').click();\n  cy.get('.govuk-grid-column-two-thirds-from-desktop h2').contains(footerLinkData.privacyPolicyText);\n});\ncy.get('#back-link-event').click();",
              "err": {},
              "uuid": "dee43a19-96a5-4ec4-918e-37b730bc06ed",
              "parentUUID": "179ef86d-88b1-4624-bb6d-8c29d9706854",
              "isHook": false,
              "skipped": false
            },
            {
              "title": "Should open Admin link and clicking the \"Back To Casework\" button should take the user back to the dashboard ",
              "fullTitle": "Footer links direct to the correct pages from Active Casework page Should open Admin link and clicking the \"Back To Casework\" button should take the user back to the dashboard ",
              "timedOut": null,
              "duration": 616,
              "state": "passed",
              "speed": "fast",
              "pass": true,
              "fail": false,
              "pending": false,
              "context": null,
              "code": "cy.fixture('footer-links-fixture').then(footerLinkData => {\n  cy.get('.govuk-footer__link[href=\"' + footerLinkData.adminLink + '\"]').click();\n  cy.get('.govuk-heading-l').contains(footerLinkData.adminText);\n});\ncy.get('.govuk-button--secondary[href=\"/\"]').click();\ncy.get('.govuk-button[href=\"/case\"]').should('be.visible');",
              "err": {},
              "uuid": "e1577b96-9d53-40d5-a07b-ccba2990a5c1",
              "parentUUID": "179ef86d-88b1-4624-bb6d-8c29d9706854",
              "isHook": false,
              "skipped": false
            }
          ],
          "suites": [],
          "passes": [
            "c359b94a-faed-476f-a5f6-6702d87e53a3",
            "118d9176-b8ac-4080-b211-564be634074c",
            "dee43a19-96a5-4ec4-918e-37b730bc06ed",
            "e1577b96-9d53-40d5-a07b-ccba2990a5c1"
          ],
          "failures": [],
          "pending": [],
          "skipped": [],
          "duration": 3819,
          "root": false,
          "rootEmpty": false,
          "_timeout": 2000
        }
      ],
      "passes": [],
      "failures": [],
      "pending": [],
      "skipped": [],
      "duration": 0,
      "root": true,
      "rootEmpty": true,
      "_timeout": 2000
    },
    {
      "uuid": "bedd2aa8-c4b9-43eb-b16c-42708a2112d6",
      "title": "",
      "fullFile": "cypress/integration/casework-regression/footer-links-closed.js",
      "file": "cypress/integration/casework-regression/footer-links-closed.js",
      "beforeHooks": [],
      "afterHooks": [],
      "tests": [],
      "suites": [
        {
          "uuid": "3395a2f7-df53-4f86-8a39-f51a312bc836",
          "title": "Footer links direct to the correct pages from Trust page",
          "fullFile": "",
          "file": "",
          "beforeHooks": [],
          "afterHooks": [],
          "tests": [
            {
              "title": "Should open Accessibility link ",
              "fullTitle": "Footer links direct to the correct pages from Trust page Should open Accessibility link ",
              "timedOut": null,
              "duration": 1944,
              "state": "passed",
              "speed": "fast",
              "pass": true,
              "fail": false,
              "pending": false,
              "context": null,
              "code": "cy.fixture('footer-links-fixture').then(footerLinkData => {\n  cy.get('.govuk-footer__link[href=\"' + footerLinkData.accessibilityLink + '\"]').click();\n  cy.get('.govuk-grid-column-two-thirds-from-desktop h1').contains(footerLinkData.accessibilityTestText);\n});\ncy.get('#back-link-event').click();",
              "err": {},
              "uuid": "90a72ee0-8ec3-422c-85e4-fb623ac2359a",
              "parentUUID": "3395a2f7-df53-4f86-8a39-f51a312bc836",
              "isHook": false,
              "skipped": false
            },
            {
              "title": "Should open Cookies link",
              "fullTitle": "Footer links direct to the correct pages from Trust page Should open Cookies link",
              "timedOut": null,
              "duration": 286,
              "state": "passed",
              "speed": "fast",
              "pass": true,
              "fail": false,
              "pending": false,
              "context": null,
              "code": "cy.fixture('footer-links-fixture').then(footerLinkData => {\n  cy.get('.govuk-footer__link[href=\"' + footerLinkData.cookiesLink + '\"]').click();\n  cy.get('.govuk-grid-column-two-thirds-from-desktop h1').contains(footerLinkData.cookiesTestText);\n});\ncy.get('#back-link-event').click();",
              "err": {},
              "uuid": "205dd040-aed5-4891-8388-0b1f180c9dbf",
              "parentUUID": "3395a2f7-df53-4f86-8a39-f51a312bc836",
              "isHook": false,
              "skipped": false
            },
            {
              "title": "Should open Privacy Policy link",
              "fullTitle": "Footer links direct to the correct pages from Trust page Should open Privacy Policy link",
              "timedOut": null,
              "duration": 294,
              "state": "passed",
              "speed": "fast",
              "pass": true,
              "fail": false,
              "pending": false,
              "context": null,
              "code": "cy.fixture('footer-links-fixture').then(footerLinkData => {\n  cy.get('.govuk-footer__link[href=\"' + footerLinkData.privacyPolicyLink + '\"]').click();\n  cy.get('.govuk-grid-column-two-thirds-from-desktop h2').contains(footerLinkData.privacyPolicyText);\n});\ncy.get('#back-link-event').click();",
              "err": {},
              "uuid": "b1fe0cd7-511d-496d-b173-4a683ab42064",
              "parentUUID": "3395a2f7-df53-4f86-8a39-f51a312bc836",
              "isHook": false,
              "skipped": false
            },
            {
              "title": "Should open Admin link and clicking the \"Back To Casework\" button should take the user back to the dashboard ",
              "fullTitle": "Footer links direct to the correct pages from Trust page Should open Admin link and clicking the \"Back To Casework\" button should take the user back to the dashboard ",
              "timedOut": null,
              "duration": 579,
              "state": "passed",
              "speed": "fast",
              "pass": true,
              "fail": false,
              "pending": false,
              "context": null,
              "code": "cy.fixture('footer-links-fixture').then(footerLinkData => {\n  cy.get('.govuk-footer__link[href=\"' + footerLinkData.adminLink + '\"]').click();\n  cy.get('.govuk-heading-l').contains(footerLinkData.adminText);\n});\ncy.get('.govuk-button--secondary[href=\"/\"]').click();\ncy.get('.govuk-button[href=\"/case\"]').should('be.visible');",
              "err": {},
              "uuid": "d8cabd00-177f-4827-a87e-239ddf7038c8",
              "parentUUID": "3395a2f7-df53-4f86-8a39-f51a312bc836",
              "isHook": false,
              "skipped": false
            }
          ],
          "suites": [],
          "passes": [
            "90a72ee0-8ec3-422c-85e4-fb623ac2359a",
            "205dd040-aed5-4891-8388-0b1f180c9dbf",
            "b1fe0cd7-511d-496d-b173-4a683ab42064",
            "d8cabd00-177f-4827-a87e-239ddf7038c8"
          ],
          "failures": [],
          "pending": [],
          "skipped": [],
          "duration": 3103,
          "root": false,
          "rootEmpty": false,
          "_timeout": 2000
        }
      ],
      "passes": [],
      "failures": [],
      "pending": [],
      "skipped": [],
      "duration": 0,
      "root": true,
      "rootEmpty": true,
      "_timeout": 2000
    },
    {
      "uuid": "d75d876a-8191-43d5-9e4a-3be1600c43ab",
      "title": "",
      "fullFile": "cypress/integration/casework-regression/footer-links-create-case.js",
      "file": "cypress/integration/casework-regression/footer-links-create-case.js",
      "beforeHooks": [],
      "afterHooks": [],
      "tests": [],
      "suites": [
        {
          "uuid": "d8c1e3c4-376a-4c15-bc03-a40e40c4f216",
          "title": "Footer links direct to the correct pages from Create Case page",
          "fullFile": "",
          "file": "",
          "beforeHooks": [],
          "afterHooks": [],
          "tests": [
            {
              "title": "Should open Accessibility link ",
              "fullTitle": "Footer links direct to the correct pages from Create Case page Should open Accessibility link ",
              "timedOut": null,
              "duration": 2044,
              "state": "passed",
              "speed": "fast",
              "pass": true,
              "fail": false,
              "pending": false,
              "context": null,
              "code": "cy.fixture('footer-links-fixture').then(footerLinkData => {\n  cy.get('.govuk-footer__link[href=\"' + footerLinkData.accessibilityLink + '\"]').click();\n  cy.get('.govuk-grid-column-two-thirds-from-desktop h1').contains(footerLinkData.accessibilityTestText);\n});\ncy.get('#back-link-event').click();",
              "err": {},
              "uuid": "be2c4c38-6e04-428d-bc2f-4b2e6529be38",
              "parentUUID": "d8c1e3c4-376a-4c15-bc03-a40e40c4f216",
              "isHook": false,
              "skipped": false
            },
            {
              "title": "Should open Cookies link",
              "fullTitle": "Footer links direct to the correct pages from Create Case page Should open Cookies link",
              "timedOut": null,
              "duration": 242,
              "state": "passed",
              "speed": "fast",
              "pass": true,
              "fail": false,
              "pending": false,
              "context": null,
              "code": "cy.fixture('footer-links-fixture').then(footerLinkData => {\n  cy.get('.govuk-footer__link[href=\"' + footerLinkData.cookiesLink + '\"]').click();\n  cy.get('.govuk-grid-column-two-thirds-from-desktop h1').contains(footerLinkData.cookiesTestText);\n});\ncy.get('#back-link-event').click();",
              "err": {},
              "uuid": "292a9c27-9625-4eb3-977e-5241ffa4bef1",
              "parentUUID": "d8c1e3c4-376a-4c15-bc03-a40e40c4f216",
              "isHook": false,
              "skipped": false
            },
            {
              "title": "Should open Privacy Policy link",
              "fullTitle": "Footer links direct to the correct pages from Create Case page Should open Privacy Policy link",
              "timedOut": null,
              "duration": 285,
              "state": "passed",
              "speed": "fast",
              "pass": true,
              "fail": false,
              "pending": false,
              "context": null,
              "code": "cy.fixture('footer-links-fixture').then(footerLinkData => {\n  cy.get('.govuk-footer__link[href=\"' + footerLinkData.privacyPolicyLink + '\"]').click();\n  cy.get('.govuk-grid-column-two-thirds-from-desktop h2').contains(footerLinkData.privacyPolicyText);\n});\ncy.get('#back-link-event').click();",
              "err": {},
              "uuid": "a9e687ab-684a-4201-a56a-d6ff7ef0e44d",
              "parentUUID": "d8c1e3c4-376a-4c15-bc03-a40e40c4f216",
              "isHook": false,
              "skipped": false
            },
            {
              "title": "Should open Admin link and clicking the \"Back To Casework\" button should take the user back to the dashboard ",
              "fullTitle": "Footer links direct to the correct pages from Create Case page Should open Admin link and clicking the \"Back To Casework\" button should take the user back to the dashboard ",
              "timedOut": null,
              "duration": 556,
              "state": "passed",
              "speed": "fast",
              "pass": true,
              "fail": false,
              "pending": false,
              "context": null,
              "code": "cy.fixture('footer-links-fixture').then(footerLinkData => {\n  cy.get('.govuk-footer__link[href=\"' + footerLinkData.adminLink + '\"]').click();\n  cy.get('.govuk-heading-l').contains(footerLinkData.adminText);\n});\ncy.get('.govuk-button--secondary[href=\"/\"]').click();\ncy.get('.govuk-button[href=\"/case\"]').should('be.visible');",
              "err": {},
              "uuid": "fc6844dc-da37-4304-b7ae-5e087f25445f",
              "parentUUID": "d8c1e3c4-376a-4c15-bc03-a40e40c4f216",
              "isHook": false,
              "skipped": false
            }
          ],
          "suites": [],
          "passes": [
            "be2c4c38-6e04-428d-bc2f-4b2e6529be38",
            "292a9c27-9625-4eb3-977e-5241ffa4bef1",
            "a9e687ab-684a-4201-a56a-d6ff7ef0e44d",
            "fc6844dc-da37-4304-b7ae-5e087f25445f"
          ],
          "failures": [],
          "pending": [],
          "skipped": [],
          "duration": 3127,
          "root": false,
          "rootEmpty": false,
          "_timeout": 2000
        }
      ],
      "passes": [],
      "failures": [],
      "pending": [],
      "skipped": [],
      "duration": 0,
      "root": true,
      "rootEmpty": true,
      "_timeout": 2000
    },
    {
      "uuid": "e83c2399-909b-478a-a3d1-811cd04c385b",
      "title": "",
      "fullFile": "cypress/integration/casework-regression/footer-links-trust.js",
      "file": "cypress/integration/casework-regression/footer-links-trust.js",
      "beforeHooks": [],
      "afterHooks": [],
      "tests": [],
      "suites": [
        {
          "uuid": "149dd774-fe99-44a9-b48c-3c34fd8ae1e0",
          "title": "Footer links direct to the correct pages from Trust page",
          "fullFile": "",
          "file": "",
          "beforeHooks": [],
          "afterHooks": [],
          "tests": [
            {
              "title": "Should open Accessibility link ",
              "fullTitle": "Footer links direct to the correct pages from Trust page Should open Accessibility link ",
              "timedOut": null,
              "duration": 1920,
              "state": "passed",
              "speed": "fast",
              "pass": true,
              "fail": false,
              "pending": false,
              "context": null,
              "code": "cy.fixture('footer-links-fixture').then(footerLinkData => {\n  cy.get('.govuk-footer__link[href=\"' + footerLinkData.accessibilityLink + '\"]').click();\n  cy.get('.govuk-grid-column-two-thirds-from-desktop h1').contains(footerLinkData.accessibilityTestText);\n});\ncy.get('#back-link-event').click();",
              "err": {},
              "uuid": "dd32bc4d-6d26-4123-848c-bd8d8a746a33",
              "parentUUID": "149dd774-fe99-44a9-b48c-3c34fd8ae1e0",
              "isHook": false,
              "skipped": false
            },
            {
              "title": "Should open Cookies link",
              "fullTitle": "Footer links direct to the correct pages from Trust page Should open Cookies link",
              "timedOut": null,
              "duration": 259,
              "state": "passed",
              "speed": "fast",
              "pass": true,
              "fail": false,
              "pending": false,
              "context": null,
              "code": "cy.fixture('footer-links-fixture').then(footerLinkData => {\n  cy.get('.govuk-footer__link[href=\"' + footerLinkData.cookiesLink + '\"]').click();\n  cy.get('.govuk-grid-column-two-thirds-from-desktop h1').contains(footerLinkData.cookiesTestText);\n});\ncy.get('#back-link-event').click();",
              "err": {},
              "uuid": "c6a404c0-15a4-4d11-bc7b-ea5ef1c2b8aa",
              "parentUUID": "149dd774-fe99-44a9-b48c-3c34fd8ae1e0",
              "isHook": false,
              "skipped": false
            },
            {
              "title": "Should open Privacy Policy link",
              "fullTitle": "Footer links direct to the correct pages from Trust page Should open Privacy Policy link",
              "timedOut": null,
              "duration": 327,
              "state": "passed",
              "speed": "fast",
              "pass": true,
              "fail": false,
              "pending": false,
              "context": null,
              "code": "cy.fixture('footer-links-fixture').then(footerLinkData => {\n  cy.get('.govuk-footer__link[href=\"' + footerLinkData.privacyPolicyLink + '\"]').click();\n  cy.get('.govuk-grid-column-two-thirds-from-desktop h2').contains(footerLinkData.privacyPolicyText);\n});\ncy.get('#back-link-event').click();",
              "err": {},
              "uuid": "69d06433-4e68-4f1b-83be-9f2a585db006",
              "parentUUID": "149dd774-fe99-44a9-b48c-3c34fd8ae1e0",
              "isHook": false,
              "skipped": false
            },
            {
              "title": "Should open Admin link and clicking the \"Back To Casework\" button should take the user back to the dashboard ",
              "fullTitle": "Footer links direct to the correct pages from Trust page Should open Admin link and clicking the \"Back To Casework\" button should take the user back to the dashboard ",
              "timedOut": null,
              "duration": 623,
              "state": "passed",
              "speed": "fast",
              "pass": true,
              "fail": false,
              "pending": false,
              "context": null,
              "code": "cy.fixture('footer-links-fixture').then(footerLinkData => {\n  cy.get('.govuk-footer__link[href=\"' + footerLinkData.adminLink + '\"]').click();\n  cy.get('.govuk-heading-l').contains(footerLinkData.adminText);\n});\ncy.get('.govuk-button--secondary[href=\"/\"]').click();\ncy.get('.govuk-button[href=\"/case\"]').should('be.visible');",
              "err": {},
              "uuid": "478b1343-1355-4c4f-9933-e0832c930f69",
              "parentUUID": "149dd774-fe99-44a9-b48c-3c34fd8ae1e0",
              "isHook": false,
              "skipped": false
            }
          ],
          "suites": [],
          "passes": [
            "dd32bc4d-6d26-4123-848c-bd8d8a746a33",
            "c6a404c0-15a4-4d11-bc7b-ea5ef1c2b8aa",
            "69d06433-4e68-4f1b-83be-9f2a585db006",
            "478b1343-1355-4c4f-9933-e0832c930f69"
          ],
          "failures": [],
          "pending": [],
          "skipped": [],
          "duration": 3129,
          "root": false,
          "rootEmpty": false,
          "_timeout": 2000
        }
      ],
      "passes": [],
      "failures": [],
      "pending": [],
      "skipped": [],
      "duration": 0,
      "root": true,
      "rootEmpty": true,
      "_timeout": 2000
    },
    {
      "uuid": "54769aab-5b78-4a0e-94f3-6830cd94d3d0",
      "title": "",
      "fullFile": "cypress/integration/casework-regression/home-page.js",
      "file": "cypress/integration/casework-regression/home-page.js",
      "beforeHooks": [],
      "afterHooks": [],
      "tests": [],
      "suites": [
        {
          "uuid": "79a5f1e2-e95a-4aa1-9d6b-304b9b27c43d",
          "title": "Home page tests",
          "fullFile": "",
          "file": "",
          "beforeHooks": [],
          "afterHooks": [],
          "tests": [
            {
              "title": "Create, Find and Closed Case buttons should be displayed",
              "fullTitle": "Home page tests Create, Find and Closed Case buttons should be displayed",
              "timedOut": null,
              "duration": 1791,
              "state": "passed",
              "speed": "fast",
              "pass": true,
              "fail": false,
              "pending": false,
              "context": null,
              "code": "cy.get('.govuk-button[href=\"/case/closed\"]').should(\"be.visible\");\ncy.get('.govuk-button[href=\"/trust\"]').should(\"be.visible\");\ncy.get('.govuk-button[href=\"/case\"]').should(\"be.visible\");",
              "err": {},
              "uuid": "221b60f0-5e0e-4e0c-84d7-234ca56657d7",
              "parentUUID": "79a5f1e2-e95a-4aa1-9d6b-304b9b27c43d",
              "isHook": false,
              "skipped": false
            },
            {
              "title": "user sorts by Primary Case Type",
              "fullTitle": "Home page tests user sorts by Primary Case Type",
              "timedOut": null,
              "duration": 295,
              "state": "passed",
              "speed": "fast",
              "pass": true,
              "fail": false,
              "pending": false,
              "context": null,
              "code": "cy.get('.govuk-table [data-index=\"3\"]').click();\ncy.get('.govuk-table [data-index=\"3\"]').click();\nlet optionsArray = [];\nlet optionsArraySorted = [];\ncy.log(optionsArray);\ncy.get('.govuk-table__row.tr__large td:nth-of-type(4)').each($el => {\n  optionsArray.push($el.text().replaceAll('\\t', '').replaceAll('\\n', '').trim());\n  optionsArraySorted.push($el.text().replaceAll('\\t', '').replaceAll('\\n', '').trim());\n}).then(() => {\n  expect(optionsArray).to.deep.equal(optionsArraySorted.sort());\n});\ncy.log(optionsArray == optionsArraySorted);",
              "err": {},
              "uuid": "36c773e5-3836-4bc4-a254-0f2b45a6fe8f",
              "parentUUID": "79a5f1e2-e95a-4aa1-9d6b-304b9b27c43d",
              "isHook": false,
              "skipped": false
            },
            {
              "title": "user sorts by Trust/Academy",
              "fullTitle": "Home page tests user sorts by Trust/Academy",
              "timedOut": null,
              "duration": 194,
              "state": "passed",
              "speed": "fast",
              "pass": true,
              "fail": false,
              "pending": false,
              "context": null,
              "code": "cy.get('.govuk-table [data-index=\"2\"]').click();\nlet optionsArray = [];\nlet optionsArraySorted = [];\ncy.log(optionsArray);\ncy.get('.govuk-table__row.tr__large td:nth-of-type(3)').each($el => {\n  optionsArray.push($el.text().replaceAll('\\t', '').replaceAll('\\n', '').trim());\n  optionsArraySorted.push($el.text().replaceAll('\\t', '').replaceAll('\\n', '').trim());\n}).then(() => {\n  expect(optionsArray).to.deep.equal(optionsArraySorted.sort());\n});\ncy.log(optionsArray == optionsArraySorted);",
              "err": {},
              "uuid": "6b33aa07-210f-4efc-8a46-9a2e79de1872",
              "parentUUID": "79a5f1e2-e95a-4aa1-9d6b-304b9b27c43d",
              "isHook": false,
              "skipped": false
            },
            {
              "title": "User clicks on Create Case and should see Search Trusts",
              "fullTitle": "Home page tests User clicks on Create Case and should see Search Trusts",
              "timedOut": null,
              "duration": 198,
              "state": "passed",
              "speed": "fast",
              "pass": true,
              "fail": false,
              "pending": false,
              "context": null,
              "code": "cy.get('[href=\"/case\"]').click();\ncy.get('#search').should('be.visible');",
              "err": {},
              "uuid": "ac49dead-22e7-4be3-85cf-a9657c603897",
              "parentUUID": "79a5f1e2-e95a-4aa1-9d6b-304b9b27c43d",
              "isHook": false,
              "skipped": false
            },
            {
              "title": "User clicks Back  and should be taken back to the Active Casework screen",
              "fullTitle": "Home page tests User clicks Back  and should be taken back to the Active Casework screen",
              "timedOut": null,
              "duration": 413,
              "state": "passed",
              "speed": "fast",
              "pass": true,
              "fail": false,
              "pending": false,
              "context": null,
              "code": "cy.get('#back-link-event').click();\ncy.get('[href=\"/case\"').should('be.visible');\ncy.get('[href=\"/trust\"').should('be.visible');\ncy.get('[href=\"/case/closed\"').should('be.visible');",
              "err": {},
              "uuid": "ffabfc6f-111a-43ef-896b-b4dca088fea9",
              "parentUUID": "79a5f1e2-e95a-4aa1-9d6b-304b9b27c43d",
              "isHook": false,
              "skipped": false
            },
            {
              "title": "User clicks on Find Trust and should see Search Trusts",
              "fullTitle": "Home page tests User clicks on Find Trust and should see Search Trusts",
              "timedOut": null,
              "duration": 158,
              "state": "passed",
              "speed": "fast",
              "pass": true,
              "fail": false,
              "pending": false,
              "context": null,
              "code": "cy.get('[href=\"/trust\"]').click();\ncy.get('#search').should('be.visible');",
              "err": {},
              "uuid": "13ee91bc-bf3c-4188-a137-4e870e9bb2f7",
              "parentUUID": "79a5f1e2-e95a-4aa1-9d6b-304b9b27c43d",
              "isHook": false,
              "skipped": false
            },
            {
              "title": "User clicks Back  and should be taken back to the Active Casework screen",
              "fullTitle": "Home page tests User clicks Back  and should be taken back to the Active Casework screen",
              "timedOut": null,
              "duration": 374,
              "state": "passed",
              "speed": "fast",
              "pass": true,
              "fail": false,
              "pending": false,
              "context": null,
              "code": "cy.get('#back-link-event').click();\ncy.get('[href=\"/case\"').should('be.visible');\ncy.get('[href=\"/trust\"').should('be.visible');\ncy.get('[href=\"/case/closed\"').should('be.visible');",
              "err": {},
              "uuid": "323675f8-e4ac-45e4-978e-281d1e432d12",
              "parentUUID": "79a5f1e2-e95a-4aa1-9d6b-304b9b27c43d",
              "isHook": false,
              "skipped": false
            }
          ],
          "suites": [],
          "passes": [
            "221b60f0-5e0e-4e0c-84d7-234ca56657d7",
            "36c773e5-3836-4bc4-a254-0f2b45a6fe8f",
            "6b33aa07-210f-4efc-8a46-9a2e79de1872",
            "ac49dead-22e7-4be3-85cf-a9657c603897",
            "ffabfc6f-111a-43ef-896b-b4dca088fea9",
            "13ee91bc-bf3c-4188-a137-4e870e9bb2f7",
            "323675f8-e4ac-45e4-978e-281d1e432d12"
          ],
          "failures": [],
          "pending": [],
          "skipped": [],
          "duration": 3423,
          "root": false,
          "rootEmpty": false,
          "_timeout": 2000
        }
      ],
      "passes": [],
      "failures": [],
      "pending": [],
      "skipped": [],
      "duration": 0,
      "root": true,
      "rootEmpty": true,
      "_timeout": 2000
    },
    {
      "uuid": "591e1a00-7c55-4995-aa9c-3333b07c851f",
      "title": "",
      "fullFile": "cypress/integration/casework-regression/82009-add-subsequent-concern.js",
      "file": "cypress/integration/casework-regression/82009-add-subsequent-concern.js",
      "beforeHooks": [],
      "afterHooks": [],
      "tests": [],
      "suites": [
        {
          "uuid": "630fbae7-313a-40ab-8949-0fbb3460cdf0",
          "title": "User creates subsequent Concern to a case",
          "fullFile": "",
          "file": "",
          "beforeHooks": [],
          "afterHooks": [],
          "tests": [
            {
              "title": "User clicks on Create Case and should see Search Trusts",
              "fullTitle": "User creates subsequent Concern to a case User clicks on Create Case and should see Search Trusts",
              "timedOut": null,
              "duration": 1814,
              "state": "passed",
              "speed": "fast",
              "pass": true,
              "fail": false,
              "pending": false,
              "context": null,
              "code": "cy.get('[href=\"/case\"]').click();\ncy.get(\"#search\").should(\"be.visible\");",
              "err": {},
              "uuid": "4ade2f88-615a-4255-a44a-882e0d8665d0",
              "parentUUID": "630fbae7-313a-40ab-8949-0fbb3460cdf0",
              "isHook": false,
              "skipped": false
            },
            {
              "title": "User searches for a valid Trust and selects it",
              "fullTitle": "User creates subsequent Concern to a case User searches for a valid Trust and selects it",
              "timedOut": null,
              "duration": 1380,
              "state": "passed",
              "speed": "fast",
              "pass": true,
              "fail": false,
              "pending": false,
              "context": null,
              "code": "cy.get(\"#search\").type(searchTerm + \"{enter}\");\ncy.get(\"#search__option--0\").click();",
              "err": {},
              "uuid": "3a831b2e-73c6-4a4a-aaa6-a2867a767e74",
              "parentUUID": "630fbae7-313a-40ab-8949-0fbb3460cdf0",
              "isHook": false,
              "skipped": false
            },
            {
              "title": "Should allow a user to select a concern type",
              "fullTitle": "User creates subsequent Concern to a case Should allow a user to select a concern type",
              "timedOut": null,
              "duration": 717,
              "state": "passed",
              "speed": "fast",
              "pass": true,
              "fail": false,
              "pending": false,
              "context": null,
              "code": "cy.get(\".govuk-summary-list__value\").should(\"contain.text\", searchTerm.trim());\ncy.get(\".govuk-radios__item [value=Financial]\").click();\ncy.get(\"[id=sub-type-3]\").click();\ncy.get(\"[id=rating-3]\").click();\ncy.get(\".govuk-button\").click();",
              "err": {},
              "uuid": "3f35bc53-a8ab-43a7-8105-dc787706da12",
              "parentUUID": "630fbae7-313a-40ab-8949-0fbb3460cdf0",
              "isHook": false,
              "skipped": false
            },
            {
              "title": "Should allow the user to add a subsequent concern type",
              "fullTitle": "User creates subsequent Concern to a case Should allow the user to add a subsequent concern type",
              "timedOut": null,
              "duration": 675,
              "state": "passed",
              "speed": "fast",
              "pass": true,
              "fail": false,
              "pending": false,
              "context": null,
              "code": "cy.get(\".govuk-summary-list__value\").should(\"contain.text\", searchTerm.trim());\ncy.get(\".govuk-button.govuk-button--secondary\").click();\ncy.get(\".govuk-radios__item [value=Compliance]\").click();\ncy.get(\"[id=sub-type-1]\").click();\ncy.get(\"[id=rating-2]\").click();\ncy.get(\".govuk-button\").click();",
              "err": {},
              "uuid": "b471e45d-a1d3-4acd-a993-829ead7cf7a3",
              "parentUUID": "630fbae7-313a-40ab-8949-0fbb3460cdf0",
              "isHook": false,
              "skipped": false
            },
            {
              "title": "Should allow a user to select the risk to the trust",
              "fullTitle": "User creates subsequent Concern to a case Should allow a user to select the risk to the trust",
              "timedOut": null,
              "duration": 518,
              "state": "passed",
              "speed": "fast",
              "pass": true,
              "fail": false,
              "pending": false,
              "context": null,
              "code": "cy.get('[href=\"/case/rating\"').click();\ncy.get(\".ragtag\").should(\"be.visible\"); //Randomly select a RAG status\ncy.get(\".govuk-radios .ragtag:nth-of-type(1)\").its(\"length\").then(ragtagElements => {\n  let num = Math.floor(Math.random() * ragtagElements);\n  cy.get(\".govuk-radios .ragtag:nth-of-type(1)\").eq(num).click();\n});\ncy.get(\"#case-rating-form > div.govuk-button-group > button\").click();",
              "err": {},
              "uuid": "b4d9ce95-646b-4603-900e-63eb1730b32c",
              "parentUUID": "630fbae7-313a-40ab-8949-0fbb3460cdf0",
              "isHook": false,
              "skipped": false
            },
            {
              "title": "Should allow the user to enter Concern details",
              "fullTitle": "User creates subsequent Concern to a case Should allow the user to enter Concern details",
              "timedOut": null,
              "duration": 6019,
              "state": "passed",
              "speed": "medium",
              "pass": true,
              "fail": false,
              "pending": false,
              "context": null,
              "code": "let date = new Date();\ncy.get(\"#issue\").type(\"Data entered at \" + date);\ncy.get(\"#current-status\").type(\"Data entered at \" + date);\ncy.get(\"#case-aim\").type(\"Data entered at \" + date);\ncy.get(\"#de-escalation-point\").type(\"Data entered at \" + date);\ncy.get(\"#next-steps\").type(\"Data entered at \" + date);\ncy.get(\"#case-details-form  button\").click();",
              "err": {},
              "uuid": "cf8d345c-3559-43b3-9b1f-1a74c2bddeda",
              "parentUUID": "630fbae7-313a-40ab-8949-0fbb3460cdf0",
              "isHook": false,
              "skipped": false
            },
            {
              "title": "Should display a Case Created entry",
              "fullTitle": "User creates subsequent Concern to a case Should display a Case Created entry",
              "timedOut": null,
              "duration": 29,
              "state": "passed",
              "speed": "fast",
              "pass": true,
              "fail": false,
              "pending": false,
              "context": null,
              "code": "cy.get('#concerns-summary-list  div.govuk-grid-row > div:nth-child(1)> span').should('contain.text', 'Financial: Deficit');\ncy.get('#concerns-summary-list  div.govuk-grid-row > div:nth-child(2)> span').should('contain.text', 'Compliance: Financial reporting');\ncy.get('.moj-timeline__description p').contains(\"Case created\");",
              "err": {},
              "uuid": "0d1c7ffc-8285-4d2b-bd9f-c3f943b5eda0",
              "parentUUID": "630fbae7-313a-40ab-8949-0fbb3460cdf0",
              "isHook": false,
              "skipped": false
            }
          ],
          "suites": [],
          "passes": [
            "4ade2f88-615a-4255-a44a-882e0d8665d0",
            "3a831b2e-73c6-4a4a-aaa6-a2867a767e74",
            "3f35bc53-a8ab-43a7-8105-dc787706da12",
            "b471e45d-a1d3-4acd-a993-829ead7cf7a3",
            "b4d9ce95-646b-4603-900e-63eb1730b32c",
            "cf8d345c-3559-43b3-9b1f-1a74c2bddeda",
            "0d1c7ffc-8285-4d2b-bd9f-c3f943b5eda0"
          ],
          "failures": [],
          "pending": [],
          "skipped": [],
          "duration": 11152,
          "root": false,
          "rootEmpty": false,
          "_timeout": 2000
        }
      ],
      "passes": [],
      "failures": [],
      "pending": [],
      "skipped": [],
      "duration": 0,
      "root": true,
      "rootEmpty": true,
      "_timeout": 2000
    }
  ],
  "meta": {
    "mocha": {
      "version": "7.0.1"
    },
    "mochawesome": {
      "options": {
        "quiet": false,
        "reportFilename": "mochawesome",
        "saveHtml": false,
        "saveJson": true,
        "consoleReporter": "spec",
        "useInlineDiffs": false,
        "code": true
      },
      "version": "7.0.1"
    },
    "marge": {
      "options": {
        "id": "default",
        "reportDir": "cypress/reports/mocha",
        "quite": true,
        "overwrite": false,
        "html": false,
        "json": true
      },
      "version": "6.0.1"
    }
  }
}