{
  "stats": {
    "suites": 1,
    "tests": 3,
    "passes": 3,
    "pending": 0,
    "failures": 0,
    "start": "2021-12-23T20:10:06.502Z",
    "end": "2021-12-23T20:10:10.868Z",
    "duration": 4366,
    "testsRegistered": 3,
    "passPercent": 100,
    "pendingPercent": 0,
    "other": 0,
    "hasOther": false,
    "skipped": 0,
    "hasSkipped": false
  },
  "results": [
    {
      "uuid": "67ba866f-2934-4fa9-8ace-493634901088",
      "title": "",
      "fullFile": "cypress/integration/casework-regression/82009-concern-validation-tests.js",
      "file": "cypress/integration/casework-regression/82009-concern-validation-tests.js",
      "beforeHooks": [],
      "afterHooks": [],
      "tests": [],
      "suites": [
        {
          "uuid": "ebf72cfc-b8b6-4db3-9ed6-370822004e31",
          "title": "Error messages should be displayed when user ommmits data",
          "fullFile": "",
          "file": "",
          "beforeHooks": [],
          "afterHooks": [],
          "tests": [
            {
              "title": "User clicks on Create Case and should see Search Trusts",
              "fullTitle": "Error messages should be displayed when user ommmits data User clicks on Create Case and should see Search Trusts",
              "timedOut": null,
              "duration": 1951,
              "state": "passed",
              "speed": "fast",
              "pass": true,
              "fail": false,
              "pending": false,
              "context": null,
              "code": "cy.get('[href=\"/case\"]').click();\ncy.get('#search').should('be.visible');",
              "err": {},
              "uuid": "05931056-b508-4094-b687-c7776483327e",
              "parentUUID": "ebf72cfc-b8b6-4db3-9ed6-370822004e31",
              "isHook": false,
              "skipped": false
            },
            {
              "title": "User searches for a valid Trust and selects it",
              "fullTitle": "Error messages should be displayed when user ommmits data User searches for a valid Trust and selects it",
              "timedOut": null,
              "duration": 1132,
              "state": "passed",
              "speed": "fast",
              "pass": true,
              "fail": false,
              "pending": false,
              "context": null,
              "code": "cy.get('#search').type(searchTerm + '{enter}');\ncy.get('#search__option--0').click();",
              "err": {},
              "uuid": "79069681-db6a-47d0-954c-a68f17bd93ff",
              "parentUUID": "ebf72cfc-b8b6-4db3-9ed6-370822004e31",
              "isHook": false,
              "skipped": false
            },
            {
              "title": "Should throw an error when a Concern Type is omitted",
              "fullTitle": "Error messages should be displayed when user ommmits data Should throw an error when a Concern Type is omitted",
              "timedOut": null,
              "duration": 115,
              "state": "passed",
              "speed": "fast",
              "pass": true,
              "fail": false,
              "pending": false,
              "context": null,
              "code": "cy.get('.govuk-button').click();\ncy.get('.govuk-list.govuk-error-summary__list li:nth-of-type(1)').should('contain.text', 'Select concern type');\ncy.get('.govuk-list.govuk-error-summary__list li:nth-of-type(2)').should('contain.text', 'Select risk rating');",
              "err": {},
              "uuid": "1b951b67-b88c-4f9b-b707-400b1b7fd34c",
              "parentUUID": "ebf72cfc-b8b6-4db3-9ed6-370822004e31",
              "isHook": false,
              "skipped": false
            }
          ],
          "suites": [],
          "passes": [
            "05931056-b508-4094-b687-c7776483327e",
            "79069681-db6a-47d0-954c-a68f17bd93ff",
            "1b951b67-b88c-4f9b-b707-400b1b7fd34c"
          ],
          "failures": [],
          "pending": [],
          "skipped": [],
          "duration": 3198,
          "root": false,
          "rootEmpty": false,
          "_timeout": 2000
        }
      ],
      "passes": [],
      "failures": [],
      "pending": [],
      "skipped": [],
      "duration": 0,
      "root": true,
      "rootEmpty": true,
      "_timeout": 2000
    }
  ],
  "meta": {
    "mocha": {
      "version": "7.0.1"
    },
    "mochawesome": {
      "options": {
        "quiet": false,
        "reportFilename": "mochawesome",
        "saveHtml": false,
        "saveJson": true,
        "consoleReporter": "spec",
        "useInlineDiffs": false,
        "code": true
      },
      "version": "7.0.1"
    },
    "marge": {
      "options": {
        "id": "default",
        "reportDir": "cypress/reports/mocha",
        "quite": true,
        "overwrite": false,
        "html": false,
        "json": true
      },
      "version": "6.0.1"
    }
  }
}