{
  "stats": {
    "suites": 1,
    "tests": 7,
    "passes": 7,
    "pending": 0,
    "failures": 0,
    "start": "2021-12-23T20:09:48.726Z",
    "end": "2021-12-23T20:10:01.768Z",
    "duration": 13042,
    "testsRegistered": 7,
    "passPercent": 100,
    "pendingPercent": 0,
    "other": 0,
    "hasOther": false,
    "skipped": 0,
    "hasSkipped": false
  },
  "results": [
    {
      "uuid": "591e1a00-7c55-4995-aa9c-3333b07c851f",
      "title": "",
      "fullFile": "cypress/integration/casework-regression/82009-add-subsequent-concern.js",
      "file": "cypress/integration/casework-regression/82009-add-subsequent-concern.js",
      "beforeHooks": [],
      "afterHooks": [],
      "tests": [],
      "suites": [
        {
          "uuid": "630fbae7-313a-40ab-8949-0fbb3460cdf0",
          "title": "User creates subsequent Concern to a case",
          "fullFile": "",
          "file": "",
          "beforeHooks": [],
          "afterHooks": [],
          "tests": [
            {
              "title": "User clicks on Create Case and should see Search Trusts",
              "fullTitle": "User creates subsequent Concern to a case User clicks on Create Case and should see Search Trusts",
              "timedOut": null,
              "duration": 1814,
              "state": "passed",
              "speed": "fast",
              "pass": true,
              "fail": false,
              "pending": false,
              "context": null,
              "code": "cy.get('[href=\"/case\"]').click();\ncy.get(\"#search\").should(\"be.visible\");",
              "err": {},
              "uuid": "4ade2f88-615a-4255-a44a-882e0d8665d0",
              "parentUUID": "630fbae7-313a-40ab-8949-0fbb3460cdf0",
              "isHook": false,
              "skipped": false
            },
            {
              "title": "User searches for a valid Trust and selects it",
              "fullTitle": "User creates subsequent Concern to a case User searches for a valid Trust and selects it",
              "timedOut": null,
              "duration": 1380,
              "state": "passed",
              "speed": "fast",
              "pass": true,
              "fail": false,
              "pending": false,
              "context": null,
              "code": "cy.get(\"#search\").type(searchTerm + \"{enter}\");\ncy.get(\"#search__option--0\").click();",
              "err": {},
              "uuid": "3a831b2e-73c6-4a4a-aaa6-a2867a767e74",
              "parentUUID": "630fbae7-313a-40ab-8949-0fbb3460cdf0",
              "isHook": false,
              "skipped": false
            },
            {
              "title": "Should allow a user to select a concern type",
              "fullTitle": "User creates subsequent Concern to a case Should allow a user to select a concern type",
              "timedOut": null,
              "duration": 717,
              "state": "passed",
              "speed": "fast",
              "pass": true,
              "fail": false,
              "pending": false,
              "context": null,
              "code": "cy.get(\".govuk-summary-list__value\").should(\"contain.text\", searchTerm.trim());\ncy.get(\".govuk-radios__item [value=Financial]\").click();\ncy.get(\"[id=sub-type-3]\").click();\ncy.get(\"[id=rating-3]\").click();\ncy.get(\".govuk-button\").click();",
              "err": {},
              "uuid": "3f35bc53-a8ab-43a7-8105-dc787706da12",
              "parentUUID": "630fbae7-313a-40ab-8949-0fbb3460cdf0",
              "isHook": false,
              "skipped": false
            },
            {
              "title": "Should allow the user to add a subsequent concern type",
              "fullTitle": "User creates subsequent Concern to a case Should allow the user to add a subsequent concern type",
              "timedOut": null,
              "duration": 675,
              "state": "passed",
              "speed": "fast",
              "pass": true,
              "fail": false,
              "pending": false,
              "context": null,
              "code": "cy.get(\".govuk-summary-list__value\").should(\"contain.text\", searchTerm.trim());\ncy.get(\".govuk-button.govuk-button--secondary\").click();\ncy.get(\".govuk-radios__item [value=Compliance]\").click();\ncy.get(\"[id=sub-type-1]\").click();\ncy.get(\"[id=rating-2]\").click();\ncy.get(\".govuk-button\").click();",
              "err": {},
              "uuid": "b471e45d-a1d3-4acd-a993-829ead7cf7a3",
              "parentUUID": "630fbae7-313a-40ab-8949-0fbb3460cdf0",
              "isHook": false,
              "skipped": false
            },
            {
              "title": "Should allow a user to select the risk to the trust",
              "fullTitle": "User creates subsequent Concern to a case Should allow a user to select the risk to the trust",
              "timedOut": null,
              "duration": 518,
              "state": "passed",
              "speed": "fast",
              "pass": true,
              "fail": false,
              "pending": false,
              "context": null,
              "code": "cy.get('[href=\"/case/rating\"').click();\ncy.get(\".ragtag\").should(\"be.visible\"); //Randomly select a RAG status\ncy.get(\".govuk-radios .ragtag:nth-of-type(1)\").its(\"length\").then(ragtagElements => {\n  let num = Math.floor(Math.random() * ragtagElements);\n  cy.get(\".govuk-radios .ragtag:nth-of-type(1)\").eq(num).click();\n});\ncy.get(\"#case-rating-form > div.govuk-button-group > button\").click();",
              "err": {},
              "uuid": "b4d9ce95-646b-4603-900e-63eb1730b32c",
              "parentUUID": "630fbae7-313a-40ab-8949-0fbb3460cdf0",
              "isHook": false,
              "skipped": false
            },
            {
              "title": "Should allow the user to enter Concern details",
              "fullTitle": "User creates subsequent Concern to a case Should allow the user to enter Concern details",
              "timedOut": null,
              "duration": 6019,
              "state": "passed",
              "speed": "medium",
              "pass": true,
              "fail": false,
              "pending": false,
              "context": null,
              "code": "let date = new Date();\ncy.get(\"#issue\").type(\"Data entered at \" + date);\ncy.get(\"#current-status\").type(\"Data entered at \" + date);\ncy.get(\"#case-aim\").type(\"Data entered at \" + date);\ncy.get(\"#de-escalation-point\").type(\"Data entered at \" + date);\ncy.get(\"#next-steps\").type(\"Data entered at \" + date);\ncy.get(\"#case-details-form  button\").click();",
              "err": {},
              "uuid": "cf8d345c-3559-43b3-9b1f-1a74c2bddeda",
              "parentUUID": "630fbae7-313a-40ab-8949-0fbb3460cdf0",
              "isHook": false,
              "skipped": false
            },
            {
              "title": "Should display a Case Created entry",
              "fullTitle": "User creates subsequent Concern to a case Should display a Case Created entry",
              "timedOut": null,
              "duration": 29,
              "state": "passed",
              "speed": "fast",
              "pass": true,
              "fail": false,
              "pending": false,
              "context": null,
              "code": "cy.get('#concerns-summary-list  div.govuk-grid-row > div:nth-child(1)> span').should('contain.text', 'Financial: Deficit');\ncy.get('#concerns-summary-list  div.govuk-grid-row > div:nth-child(2)> span').should('contain.text', 'Compliance: Financial reporting');\ncy.get('.moj-timeline__description p').contains(\"Case created\");",
              "err": {},
              "uuid": "0d1c7ffc-8285-4d2b-bd9f-c3f943b5eda0",
              "parentUUID": "630fbae7-313a-40ab-8949-0fbb3460cdf0",
              "isHook": false,
              "skipped": false
            }
          ],
          "suites": [],
          "passes": [
            "4ade2f88-615a-4255-a44a-882e0d8665d0",
            "3a831b2e-73c6-4a4a-aaa6-a2867a767e74",
            "3f35bc53-a8ab-43a7-8105-dc787706da12",
            "b471e45d-a1d3-4acd-a993-829ead7cf7a3",
            "b4d9ce95-646b-4603-900e-63eb1730b32c",
            "cf8d345c-3559-43b3-9b1f-1a74c2bddeda",
            "0d1c7ffc-8285-4d2b-bd9f-c3f943b5eda0"
          ],
          "failures": [],
          "pending": [],
          "skipped": [],
          "duration": 11152,
          "root": false,
          "rootEmpty": false,
          "_timeout": 2000
        }
      ],
      "passes": [],
      "failures": [],
      "pending": [],
      "skipped": [],
      "duration": 0,
      "root": true,
      "rootEmpty": true,
      "_timeout": 2000
    }
  ],
  "meta": {
    "mocha": {
      "version": "7.0.1"
    },
    "mochawesome": {
      "options": {
        "quiet": false,
        "reportFilename": "mochawesome",
        "saveHtml": false,
        "saveJson": true,
        "consoleReporter": "spec",
        "useInlineDiffs": false,
        "code": true
      },
      "version": "7.0.1"
    },
    "marge": {
      "options": {
        "id": "default",
        "reportDir": "cypress/reports/mocha",
        "quite": true,
        "overwrite": false,
        "html": false,
        "json": true
      },
      "version": "6.0.1"
    }
  }
}