{
  "stats": {
    "suites": 1,
    "tests": 4,
    "passes": 4,
    "pending": 0,
    "failures": 0,
    "start": "2021-12-23T20:10:32.602Z",
    "end": "2021-12-23T20:10:37.601Z",
    "duration": 4999,
    "testsRegistered": 4,
    "passPercent": 100,
    "pendingPercent": 0,
    "other": 0,
    "hasOther": false,
    "skipped": 0,
    "hasSkipped": false
  },
  "results": [
    {
      "uuid": "26d8d0db-812c-4bb3-83c1-8ad27732c748",
      "title": "",
      "fullFile": "cypress/integration/casework-regression/find-trust-route.js",
      "file": "cypress/integration/casework-regression/find-trust-route.js",
      "beforeHooks": [],
      "afterHooks": [],
      "tests": [],
      "suites": [
        {
          "uuid": "d2c0b51b-9359-4678-9246-2948f802c7fa",
          "title": "User interactions via Find Trust route",
          "fullFile": "",
          "file": "",
          "beforeHooks": [],
          "afterHooks": [],
          "tests": [
            {
              "title": "User clicks on Create Case and should see Search Trusts",
              "fullTitle": "User interactions via Find Trust route User clicks on Create Case and should see Search Trusts",
              "timedOut": null,
              "duration": 1698,
              "state": "passed",
              "speed": "fast",
              "pass": true,
              "fail": false,
              "pending": false,
              "context": null,
              "code": "cy.get('[href=\"/trust\"]').click();\ncy.get(\"#search\").should(\"be.visible\");",
              "err": {},
              "uuid": "22132374-1faf-4978-a66b-c7e708cb4029",
              "parentUUID": "d2c0b51b-9359-4678-9246-2948f802c7fa",
              "isHook": false,
              "skipped": false
            },
            {
              "title": "User searches for a valid Trust and selects it",
              "fullTitle": "User interactions via Find Trust route User searches for a valid Trust and selects it",
              "timedOut": null,
              "duration": 1147,
              "state": "passed",
              "speed": "fast",
              "pass": true,
              "fail": false,
              "pending": false,
              "context": null,
              "code": "cy.get(\"#search\").type(searchTerm + \"{enter}\");\ncy.get(\"#search__option--0\").click();",
              "err": {},
              "uuid": "96547ef0-9b33-4987-92f1-fa411bdab5fb",
              "parentUUID": "d2c0b51b-9359-4678-9246-2948f802c7fa",
              "isHook": false,
              "skipped": false
            },
            {
              "title": "Should display the Concern details of the specified Trust",
              "fullTitle": "User interactions via Find Trust route Should display the Concern details of the specified Trust",
              "timedOut": null,
              "duration": 271,
              "state": "passed",
              "speed": "fast",
              "pass": true,
              "fail": false,
              "pending": false,
              "context": null,
              "code": "cy.get(\".govuk-table__cell:nth-child(1) > a\").should('contain.text', 'Accrington');\ncy.get('[href=\"/trust\"').should(\"be.visible\").click();",
              "err": {},
              "uuid": "5011658d-691d-4ee1-98ce-50af764a2d88",
              "parentUUID": "d2c0b51b-9359-4678-9246-2948f802c7fa",
              "isHook": false,
              "skipped": false
            },
            {
              "title": "Should display an error when a user types fewer than 3 letters in the search bar",
              "fullTitle": "User interactions via Find Trust route Should display an error when a user types fewer than 3 letters in the search bar",
              "timedOut": null,
              "duration": 184,
              "state": "passed",
              "speed": "fast",
              "pass": true,
              "fail": false,
              "pending": false,
              "context": null,
              "code": "cy.get(\"#search\").type(searchTerm.substring(0, 1) + '{enter}');\ncy.get('.govuk-list.govuk-error-summary__list a').should('contain.text', 'Enter search criteria higher than three characters');",
              "err": {},
              "uuid": "917e7ea5-de82-49ed-973e-20c716515bb7",
              "parentUUID": "d2c0b51b-9359-4678-9246-2948f802c7fa",
              "isHook": false,
              "skipped": false
            }
          ],
          "suites": [],
          "passes": [
            "22132374-1faf-4978-a66b-c7e708cb4029",
            "96547ef0-9b33-4987-92f1-fa411bdab5fb",
            "5011658d-691d-4ee1-98ce-50af764a2d88",
            "917e7ea5-de82-49ed-973e-20c716515bb7"
          ],
          "failures": [],
          "pending": [],
          "skipped": [],
          "duration": 3300,
          "root": false,
          "rootEmpty": false,
          "_timeout": 2000
        }
      ],
      "passes": [],
      "failures": [],
      "pending": [],
      "skipped": [],
      "duration": 0,
      "root": true,
      "rootEmpty": true,
      "_timeout": 2000
    }
  ],
  "meta": {
    "mocha": {
      "version": "7.0.1"
    },
    "mochawesome": {
      "options": {
        "quiet": false,
        "reportFilename": "mochawesome",
        "saveHtml": false,
        "saveJson": true,
        "consoleReporter": "spec",
        "useInlineDiffs": false,
        "code": true
      },
      "version": "7.0.1"
    },
    "marge": {
      "options": {
        "id": "default",
        "reportDir": "cypress/reports/mocha",
        "quite": true,
        "overwrite": false,
        "html": false,
        "json": true
      },
      "version": "6.0.1"
    }
  }
}