{
  "stats": {
    "suites": 1,
    "tests": 7,
    "passes": 7,
    "pending": 0,
    "failures": 0,
    "start": "2021-12-23T20:11:16.799Z",
    "end": "2021-12-23T20:11:21.340Z",
    "duration": 4541,
    "testsRegistered": 7,
    "passPercent": 100,
    "pendingPercent": 0,
    "other": 0,
    "hasOther": false,
    "skipped": 0,
    "hasSkipped": false
  },
  "results": [
    {
      "uuid": "54769aab-5b78-4a0e-94f3-6830cd94d3d0",
      "title": "",
      "fullFile": "cypress/integration/casework-regression/home-page.js",
      "file": "cypress/integration/casework-regression/home-page.js",
      "beforeHooks": [],
      "afterHooks": [],
      "tests": [],
      "suites": [
        {
          "uuid": "79a5f1e2-e95a-4aa1-9d6b-304b9b27c43d",
          "title": "Home page tests",
          "fullFile": "",
          "file": "",
          "beforeHooks": [],
          "afterHooks": [],
          "tests": [
            {
              "title": "Create, Find and Closed Case buttons should be displayed",
              "fullTitle": "Home page tests Create, Find and Closed Case buttons should be displayed",
              "timedOut": null,
              "duration": 1791,
              "state": "passed",
              "speed": "fast",
              "pass": true,
              "fail": false,
              "pending": false,
              "context": null,
              "code": "cy.get('.govuk-button[href=\"/case/closed\"]').should(\"be.visible\");\ncy.get('.govuk-button[href=\"/trust\"]').should(\"be.visible\");\ncy.get('.govuk-button[href=\"/case\"]').should(\"be.visible\");",
              "err": {},
              "uuid": "221b60f0-5e0e-4e0c-84d7-234ca56657d7",
              "parentUUID": "79a5f1e2-e95a-4aa1-9d6b-304b9b27c43d",
              "isHook": false,
              "skipped": false
            },
            {
              "title": "user sorts by Primary Case Type",
              "fullTitle": "Home page tests user sorts by Primary Case Type",
              "timedOut": null,
              "duration": 295,
              "state": "passed",
              "speed": "fast",
              "pass": true,
              "fail": false,
              "pending": false,
              "context": null,
              "code": "cy.get('.govuk-table [data-index=\"3\"]').click();\ncy.get('.govuk-table [data-index=\"3\"]').click();\nlet optionsArray = [];\nlet optionsArraySorted = [];\ncy.log(optionsArray);\ncy.get('.govuk-table__row.tr__large td:nth-of-type(4)').each($el => {\n  optionsArray.push($el.text().replaceAll('\\t', '').replaceAll('\\n', '').trim());\n  optionsArraySorted.push($el.text().replaceAll('\\t', '').replaceAll('\\n', '').trim());\n}).then(() => {\n  expect(optionsArray).to.deep.equal(optionsArraySorted.sort());\n});\ncy.log(optionsArray == optionsArraySorted);",
              "err": {},
              "uuid": "36c773e5-3836-4bc4-a254-0f2b45a6fe8f",
              "parentUUID": "79a5f1e2-e95a-4aa1-9d6b-304b9b27c43d",
              "isHook": false,
              "skipped": false
            },
            {
              "title": "user sorts by Trust/Academy",
              "fullTitle": "Home page tests user sorts by Trust/Academy",
              "timedOut": null,
              "duration": 194,
              "state": "passed",
              "speed": "fast",
              "pass": true,
              "fail": false,
              "pending": false,
              "context": null,
              "code": "cy.get('.govuk-table [data-index=\"2\"]').click();\nlet optionsArray = [];\nlet optionsArraySorted = [];\ncy.log(optionsArray);\ncy.get('.govuk-table__row.tr__large td:nth-of-type(3)').each($el => {\n  optionsArray.push($el.text().replaceAll('\\t', '').replaceAll('\\n', '').trim());\n  optionsArraySorted.push($el.text().replaceAll('\\t', '').replaceAll('\\n', '').trim());\n}).then(() => {\n  expect(optionsArray).to.deep.equal(optionsArraySorted.sort());\n});\ncy.log(optionsArray == optionsArraySorted);",
              "err": {},
              "uuid": "6b33aa07-210f-4efc-8a46-9a2e79de1872",
              "parentUUID": "79a5f1e2-e95a-4aa1-9d6b-304b9b27c43d",
              "isHook": false,
              "skipped": false
            },
            {
              "title": "User clicks on Create Case and should see Search Trusts",
              "fullTitle": "Home page tests User clicks on Create Case and should see Search Trusts",
              "timedOut": null,
              "duration": 198,
              "state": "passed",
              "speed": "fast",
              "pass": true,
              "fail": false,
              "pending": false,
              "context": null,
              "code": "cy.get('[href=\"/case\"]').click();\ncy.get('#search').should('be.visible');",
              "err": {},
              "uuid": "ac49dead-22e7-4be3-85cf-a9657c603897",
              "parentUUID": "79a5f1e2-e95a-4aa1-9d6b-304b9b27c43d",
              "isHook": false,
              "skipped": false
            },
            {
              "title": "User clicks Back  and should be taken back to the Active Casework screen",
              "fullTitle": "Home page tests User clicks Back  and should be taken back to the Active Casework screen",
              "timedOut": null,
              "duration": 413,
              "state": "passed",
              "speed": "fast",
              "pass": true,
              "fail": false,
              "pending": false,
              "context": null,
              "code": "cy.get('#back-link-event').click();\ncy.get('[href=\"/case\"').should('be.visible');\ncy.get('[href=\"/trust\"').should('be.visible');\ncy.get('[href=\"/case/closed\"').should('be.visible');",
              "err": {},
              "uuid": "ffabfc6f-111a-43ef-896b-b4dca088fea9",
              "parentUUID": "79a5f1e2-e95a-4aa1-9d6b-304b9b27c43d",
              "isHook": false,
              "skipped": false
            },
            {
              "title": "User clicks on Find Trust and should see Search Trusts",
              "fullTitle": "Home page tests User clicks on Find Trust and should see Search Trusts",
              "timedOut": null,
              "duration": 158,
              "state": "passed",
              "speed": "fast",
              "pass": true,
              "fail": false,
              "pending": false,
              "context": null,
              "code": "cy.get('[href=\"/trust\"]').click();\ncy.get('#search').should('be.visible');",
              "err": {},
              "uuid": "13ee91bc-bf3c-4188-a137-4e870e9bb2f7",
              "parentUUID": "79a5f1e2-e95a-4aa1-9d6b-304b9b27c43d",
              "isHook": false,
              "skipped": false
            },
            {
              "title": "User clicks Back  and should be taken back to the Active Casework screen",
              "fullTitle": "Home page tests User clicks Back  and should be taken back to the Active Casework screen",
              "timedOut": null,
              "duration": 374,
              "state": "passed",
              "speed": "fast",
              "pass": true,
              "fail": false,
              "pending": false,
              "context": null,
              "code": "cy.get('#back-link-event').click();\ncy.get('[href=\"/case\"').should('be.visible');\ncy.get('[href=\"/trust\"').should('be.visible');\ncy.get('[href=\"/case/closed\"').should('be.visible');",
              "err": {},
              "uuid": "323675f8-e4ac-45e4-978e-281d1e432d12",
              "parentUUID": "79a5f1e2-e95a-4aa1-9d6b-304b9b27c43d",
              "isHook": false,
              "skipped": false
            }
          ],
          "suites": [],
          "passes": [
            "221b60f0-5e0e-4e0c-84d7-234ca56657d7",
            "36c773e5-3836-4bc4-a254-0f2b45a6fe8f",
            "6b33aa07-210f-4efc-8a46-9a2e79de1872",
            "ac49dead-22e7-4be3-85cf-a9657c603897",
            "ffabfc6f-111a-43ef-896b-b4dca088fea9",
            "13ee91bc-bf3c-4188-a137-4e870e9bb2f7",
            "323675f8-e4ac-45e4-978e-281d1e432d12"
          ],
          "failures": [],
          "pending": [],
          "skipped": [],
          "duration": 3423,
          "root": false,
          "rootEmpty": false,
          "_timeout": 2000
        }
      ],
      "passes": [],
      "failures": [],
      "pending": [],
      "skipped": [],
      "duration": 0,
      "root": true,
      "rootEmpty": true,
      "_timeout": 2000
    }
  ],
  "meta": {
    "mocha": {
      "version": "7.0.1"
    },
    "mochawesome": {
      "options": {
        "quiet": false,
        "reportFilename": "mochawesome",
        "saveHtml": false,
        "saveJson": true,
        "consoleReporter": "spec",
        "useInlineDiffs": false,
        "code": true
      },
      "version": "7.0.1"
    },
    "marge": {
      "options": {
        "id": "default",
        "reportDir": "cypress/reports/mocha",
        "quite": true,
        "overwrite": false,
        "html": false,
        "json": true
      },
      "version": "6.0.1"
    }
  }
}