{
  "stats": {
    "suites": 1,
    "tests": 4,
    "passes": 4,
    "pending": 0,
    "failures": 0,
    "start": "2021-12-23T20:10:15.170Z",
    "end": "2021-12-23T20:10:19.287Z",
    "duration": 4117,
    "testsRegistered": 4,
    "passPercent": 100,
    "pendingPercent": 0,
    "other": 0,
    "hasOther": false,
    "skipped": 0,
    "hasSkipped": false
  },
  "results": [
    {
      "uuid": "f14233b8-ce52-4118-93e3-b54dff658598",
      "title": "",
      "fullFile": "cypress/integration/casework-regression/closed-cases.js",
      "file": "cypress/integration/casework-regression/closed-cases.js",
      "beforeHooks": [],
      "afterHooks": [],
      "tests": [],
      "suites": [
        {
          "uuid": "a4e340fe-d1ad-4617-9db6-a6a04fed556b",
          "title": "User can view and navigate Closed cases",
          "fullFile": "",
          "file": "",
          "beforeHooks": [],
          "afterHooks": [],
          "tests": [
            {
              "title": "User clicks on Create Case and should see Search Trusts",
              "fullTitle": "User can view and navigate Closed cases User clicks on Create Case and should see Search Trusts",
              "timedOut": null,
              "duration": 1695,
              "state": "passed",
              "speed": "fast",
              "pass": true,
              "fail": false,
              "pending": false,
              "context": null,
              "code": "cy.get('[href=\"/case/closed\"]').click();\ncy.get('.govuk-table__body tr').should('be.visible');",
              "err": {},
              "uuid": "24cc3b01-13c0-4e7d-a481-e9bc4b6b317f",
              "parentUUID": "a4e340fe-d1ad-4617-9db6-a6a04fed556b",
              "isHook": false,
              "skipped": false
            },
            {
              "title": "User can view a closed case",
              "fullTitle": "User can view and navigate Closed cases User can view a closed case",
              "timedOut": null,
              "duration": 177,
              "state": "passed",
              "speed": "fast",
              "pass": true,
              "fail": false,
              "pending": false,
              "context": null,
              "code": "cy.get('.govuk-table__body tr .govuk-link').click();\ncy.get('[name=caseID]').should('be.visible');",
              "err": {},
              "uuid": "a61ae278-0f0e-41e3-95ee-532d1d832bf7",
              "parentUUID": "a4e340fe-d1ad-4617-9db6-a6a04fed556b",
              "isHook": false,
              "skipped": false
            },
            {
              "title": "User clicks Back  and should be taken back to the Closed Cases",
              "fullTitle": "User can view and navigate Closed cases User clicks Back  and should be taken back to the Closed Cases",
              "timedOut": null,
              "duration": 203,
              "state": "passed",
              "speed": "fast",
              "pass": true,
              "fail": false,
              "pending": false,
              "context": null,
              "code": "cy.get('#back-link-event').click();\ncy.get('.govuk-table__body tr').should('be.visible');",
              "err": {},
              "uuid": "2430ef3b-b6f1-4309-afa4-1bc5abec2912",
              "parentUUID": "a4e340fe-d1ad-4617-9db6-a6a04fed556b",
              "isHook": false,
              "skipped": false
            },
            {
              "title": "User clicks Back  and should be taken back to the Active Casework screen",
              "fullTitle": "User can view and navigate Closed cases User clicks Back  and should be taken back to the Active Casework screen",
              "timedOut": null,
              "duration": 650,
              "state": "passed",
              "speed": "fast",
              "pass": true,
              "fail": false,
              "pending": false,
              "context": null,
              "code": "cy.get('#back-link-event').click();\ncy.get('[href=\"/case\"').should('be.visible');\ncy.get('[href=\"/trust\"').should('be.visible');\ncy.get('[href=\"/case/closed\"').should('be.visible');",
              "err": {},
              "uuid": "740bcc32-0872-481a-ba88-7815c4ca62d3",
              "parentUUID": "a4e340fe-d1ad-4617-9db6-a6a04fed556b",
              "isHook": false,
              "skipped": false
            }
          ],
          "suites": [],
          "passes": [
            "24cc3b01-13c0-4e7d-a481-e9bc4b6b317f",
            "a61ae278-0f0e-41e3-95ee-532d1d832bf7",
            "2430ef3b-b6f1-4309-afa4-1bc5abec2912",
            "740bcc32-0872-481a-ba88-7815c4ca62d3"
          ],
          "failures": [],
          "pending": [],
          "skipped": [],
          "duration": 2725,
          "root": false,
          "rootEmpty": false,
          "_timeout": 2000
        }
      ],
      "passes": [],
      "failures": [],
      "pending": [],
      "skipped": [],
      "duration": 0,
      "root": true,
      "rootEmpty": true,
      "_timeout": 2000
    }
  ],
  "meta": {
    "mocha": {
      "version": "7.0.1"
    },
    "mochawesome": {
      "options": {
        "quiet": false,
        "reportFilename": "mochawesome",
        "saveHtml": false,
        "saveJson": true,
        "consoleReporter": "spec",
        "useInlineDiffs": false,
        "code": true
      },
      "version": "7.0.1"
    },
    "marge": {
      "options": {
        "id": "default",
        "reportDir": "cypress/reports/mocha",
        "quite": true,
        "overwrite": false,
        "html": false,
        "json": true
      },
      "version": "6.0.1"
    }
  }
}